app/build/intermediates/manifest_merge_blame_file/fullRelease/manifest-merger-blame-full-release-report.txt
1<?xml version="1.0" encoding="utf-8"?>
2<manifest xmlns:android="http://schemas.android.com/apk/res/android"
3    package="com.mapbox.android.events.testapp"
4    android:versionCode="1"
5    android:versionName="1.0" >
6
7    <uses-sdk
8        android:minSdkVersion="14"
8-->src\main\AndroidManifest.xml
9        android:targetSdkVersion="28" />
9-->src\main\AndroidManifest.xml
10
11    <uses-permission android:name="android.permission.ACCESS_NETWORK_STATE" />
11-->src\main\AndroidManifest.xml:5:5-78
11-->src\main\AndroidManifest.xml:5:22-76
12    <uses-permission android:name="android.permission.ACCESS_COARSE_LOCATION" />
12-->src\main\AndroidManifest.xml:6:5-80
12-->src\main\AndroidManifest.xml:6:22-78
13    <uses-permission android:name="android.permission.ACCESS_FINE_LOCATION" />
13-->src\main\AndroidManifest.xml:7:5-78
13-->src\main\AndroidManifest.xml:7:22-76
14    <uses-permission android:name="android.permission.INTERNET" />
14-->src\main\AndroidManifest.xml:8:5-66
14-->src\main\AndroidManifest.xml:8:22-64
15    <uses-permission android:name="android.permission.ACCESS_WIFI_STATE" />
15-->[:libtelemetry] AndroidManifest.xml:12:5-76
15-->[:libtelemetry] AndroidManifest.xml:12:22-73
16    <uses-permission android:name="android.permission.WAKE_LOCK" />
16-->[androidx.work:work-runtime:2.2.0] AndroidManifest.xml:25:5-68
16-->[androidx.work:work-runtime:2.2.0] AndroidManifest.xml:25:22-65
17    <uses-permission android:name="android.permission.RECEIVE_BOOT_COMPLETED" />
17-->[androidx.work:work-runtime:2.2.0] AndroidManifest.xml:27:5-81
17-->[androidx.work:work-runtime:2.2.0] AndroidManifest.xml:27:22-78
18
19    <application
19-->src\main\AndroidManifest.xml:10:5-29:19
20        android:name="com.mapbox.android.events.testapp.MainApplication"
20-->src\main\AndroidManifest.xml:11:9-40
21        android:allowBackup="true"
21-->src\main\AndroidManifest.xml:12:9-35
22        android:appComponentFactory="androidx.core.app.CoreComponentFactory"
22-->[androidx.core:core:1.0.0] AndroidManifest.xml:22:18-86
23        android:icon="@mipmap/ic_launcher"
23-->src\main\AndroidManifest.xml:13:9-43
24        android:label="@string/app_name"
24-->src\main\AndroidManifest.xml:14:9-41
25        android:roundIcon="@mipmap/ic_launcher_round"
25-->src\main\AndroidManifest.xml:15:9-54
26        android:supportsRtl="true"
26-->src\main\AndroidManifest.xml:16:9-35
27        android:theme="@style/AppTheme" >
27-->src\main\AndroidManifest.xml:17:9-40
28        <activity android:name="com.mapbox.android.events.testapp.MainActivity" >
28-->src\main\AndroidManifest.xml:18:9-24:20
28-->src\main\AndroidManifest.xml:18:19-47
29            <intent-filter>
29-->src\main\AndroidManifest.xml:19:13-23:29
30                <action android:name="android.intent.action.MAIN" />
30-->src\main\AndroidManifest.xml:20:17-68
30-->src\main\AndroidManifest.xml:20:25-66
31
32                <category android:name="android.intent.category.LAUNCHER" />
32-->src\main\AndroidManifest.xml:22:17-76
32-->src\main\AndroidManifest.xml:22:27-74
33            </intent-filter>
34        </activity>
35
36        <provider
36-->src\main\AndroidManifest.xml:25:9-28:43
37            android:name="com.mapbox.android.events.testapp.MainAppInitProvider"
37-->src\main\AndroidManifest.xml:26:17-52
38            android:authorities="TestAppInitProvider"
38-->src\main\AndroidManifest.xml:27:17-58
39            android:exported="false" />
39-->src\main\AndroidManifest.xml:28:17-41
40        <provider
40-->[:libtelemetry] AndroidManifest.xml:16:9-20:39
41            android:name="com.mapbox.android.telemetry.provider.MapboxTelemetryInitProvider"
41-->[:libtelemetry] AndroidManifest.xml:17:13-93
42            android:authorities="com.mapbox.android.events.testapp.mapboxtelemetryinitprovider"
42-->[:libtelemetry] AndroidManifest.xml:18:13-79
43            android:exported="false"
43-->[:libtelemetry] AndroidManifest.xml:19:13-37
44            android:initOrder="100" />
44-->[:libtelemetry] AndroidManifest.xml:20:13-36
45        <provider
45-->[androidx.work:work-runtime:2.2.0] AndroidManifest.xml:30:9-36:35
46            android:name="androidx.work.impl.WorkManagerInitializer"
46-->[androidx.work:work-runtime:2.2.0] AndroidManifest.xml:31:13-69
47            android:authorities="com.mapbox.android.events.testapp.workmanager-init"
47-->[androidx.work:work-runtime:2.2.0] AndroidManifest.xml:32:13-68
48            android:directBootAware="false"
48-->[androidx.work:work-runtime:2.2.0] AndroidManifest.xml:33:13-44
49            android:exported="false"
49-->[androidx.work:work-runtime:2.2.0] AndroidManifest.xml:34:13-37
50            android:multiprocess="true" />
50-->[androidx.work:work-runtime:2.2.0] AndroidManifest.xml:35:13-40
51
52        <service
52-->[androidx.work:work-runtime:2.2.0] AndroidManifest.xml:38:9-43:35
53            android:name="androidx.work.impl.background.systemalarm.SystemAlarmService"
53-->[androidx.work:work-runtime:2.2.0] AndroidManifest.xml:39:13-88
54            android:directBootAware="false"
54-->[androidx.work:work-runtime:2.2.0] AndroidManifest.xml:40:13-44
55            android:enabled="@bool/enable_system_alarm_service_default"
55-->[androidx.work:work-runtime:2.2.0] AndroidManifest.xml:41:13-72
56            android:exported="false" />
56-->[androidx.work:work-runtime:2.2.0] AndroidManifest.xml:42:13-37
57        <service
57-->[androidx.work:work-runtime:2.2.0] AndroidManifest.xml:44:9-50:35
58            android:name="androidx.work.impl.background.systemjob.SystemJobService"
58-->[androidx.work:work-runtime:2.2.0] AndroidManifest.xml:45:13-84
59            android:directBootAware="false"
59-->[androidx.work:work-runtime:2.2.0] AndroidManifest.xml:46:13-44
60            android:enabled="@bool/enable_system_job_service_default"
60-->[androidx.work:work-runtime:2.2.0] AndroidManifest.xml:47:13-70
61            android:exported="true"
61-->[androidx.work:work-runtime:2.2.0] AndroidManifest.xml:48:13-36
62            android:permission="android.permission.BIND_JOB_SERVICE" />
62-->[androidx.work:work-runtime:2.2.0] AndroidManifest.xml:49:13-69
63
64        <receiver
64-->[androidx.work:work-runtime:2.2.0] AndroidManifest.xml:52:9-57:35
65            android:name="androidx.work.impl.utils.ForceStopRunnable$BroadcastReceiver"
65-->[androidx.work:work-runtime:2.2.0] AndroidManifest.xml:53:13-88
66            android:directBootAware="false"
66-->[androidx.work:work-runtime:2.2.0] AndroidManifest.xml:54:13-44
67            android:enabled="true"
67-->[androidx.work:work-runtime:2.2.0] AndroidManifest.xml:55:13-35
68            android:exported="false" />
68-->[androidx.work:work-runtime:2.2.0] AndroidManifest.xml:56:13-37
69        <receiver
69-->[androidx.work:work-runtime:2.2.0] AndroidManifest.xml:58:9-68:20
70            android:name="androidx.work.impl.background.systemalarm.ConstraintProxy$BatteryChargingProxy"
70-->[androidx.work:work-runtime:2.2.0] AndroidManifest.xml:59:13-106
71            android:directBootAware="false"
71-->[androidx.work:work-runtime:2.2.0] AndroidManifest.xml:60:13-44
72            android:enabled="false"
72-->[androidx.work:work-runtime:2.2.0] AndroidManifest.xml:61:13-36
73            android:exported="false" >
73-->[androidx.work:work-runtime:2.2.0] AndroidManifest.xml:62:13-37
74            <intent-filter>
74-->[androidx.work:work-runtime:2.2.0] AndroidManifest.xml:64:13-67:29
75                <action android:name="android.intent.action.ACTION_POWER_CONNECTED" />
75-->[androidx.work:work-runtime:2.2.0] AndroidManifest.xml:65:17-87
75-->[androidx.work:work-runtime:2.2.0] AndroidManifest.xml:65:25-84
76                <action android:name="android.intent.action.ACTION_POWER_DISCONNECTED" />
76-->[androidx.work:work-runtime:2.2.0] AndroidManifest.xml:66:17-90
76-->[androidx.work:work-runtime:2.2.0] AndroidManifest.xml:66:25-87
77            </intent-filter>
78        </receiver>
79        <receiver
79-->[androidx.work:work-runtime:2.2.0] AndroidManifest.xml:69:9-79:20
80            android:name="androidx.work.impl.background.systemalarm.ConstraintProxy$BatteryNotLowProxy"
80-->[androidx.work:work-runtime:2.2.0] AndroidManifest.xml:70:13-104
81            android:directBootAware="false"
81-->[androidx.work:work-runtime:2.2.0] AndroidManifest.xml:71:13-44
82            android:enabled="false"
82-->[androidx.work:work-runtime:2.2.0] AndroidManifest.xml:72:13-36
83            android:exported="false" >
83-->[androidx.work:work-runtime:2.2.0] AndroidManifest.xml:73:13-37
84            <intent-filter>
84-->[androidx.work:work-runtime:2.2.0] AndroidManifest.xml:75:13-78:29
85                <action android:name="android.intent.action.BATTERY_OKAY" />
85-->[androidx.work:work-runtime:2.2.0] AndroidManifest.xml:76:17-77
85-->[androidx.work:work-runtime:2.2.0] AndroidManifest.xml:76:25-74
86                <action android:name="android.intent.action.BATTERY_LOW" />
86-->[androidx.work:work-runtime:2.2.0] AndroidManifest.xml:77:17-76
86-->[androidx.work:work-runtime:2.2.0] AndroidManifest.xml:77:25-73
87            </intent-filter>
88        </receiver>
89        <receiver
89-->[androidx.work:work-runtime:2.2.0] AndroidManifest.xml:80:9-90:20
90            android:name="androidx.work.impl.background.systemalarm.ConstraintProxy$StorageNotLowProxy"
90-->[androidx.work:work-runtime:2.2.0] AndroidManifest.xml:81:13-104
91            android:directBootAware="false"
91-->[androidx.work:work-runtime:2.2.0] AndroidManifest.xml:82:13-44
92            android:enabled="false"
92-->[androidx.work:work-runtime:2.2.0] AndroidManifest.xml:83:13-36
93            android:exported="false" >
93-->[androidx.work:work-runtime:2.2.0] AndroidManifest.xml:84:13-37
94            <intent-filter>
94-->[androidx.work:work-runtime:2.2.0] AndroidManifest.xml:86:13-89:29
95                <action android:name="android.intent.action.DEVICE_STORAGE_LOW" />
95-->[androidx.work:work-runtime:2.2.0] AndroidManifest.xml:87:17-83
95-->[androidx.work:work-runtime:2.2.0] AndroidManifest.xml:87:25-80
96                <action android:name="android.intent.action.DEVICE_STORAGE_OK" />
96-->[androidx.work:work-runtime:2.2.0] AndroidManifest.xml:88:17-82
96-->[androidx.work:work-runtime:2.2.0] AndroidManifest.xml:88:25-79
97            </intent-filter>
98        </receiver>
99        <receiver
99-->[androidx.work:work-runtime:2.2.0] AndroidManifest.xml:91:9-100:20
100            android:name="androidx.work.impl.background.systemalarm.ConstraintProxy$NetworkStateProxy"
100-->[androidx.work:work-runtime:2.2.0] AndroidManifest.xml:92:13-103
101            android:directBootAware="false"
101-->[androidx.work:work-runtime:2.2.0] AndroidManifest.xml:93:13-44
102            android:enabled="false"
102-->[androidx.work:work-runtime:2.2.0] AndroidManifest.xml:94:13-36
103            android:exported="false" >
103-->[androidx.work:work-runtime:2.2.0] AndroidManifest.xml:95:13-37
104            <intent-filter>
104-->[androidx.work:work-runtime:2.2.0] AndroidManifest.xml:97:13-99:29
105                <action android:name="android.net.conn.CONNECTIVITY_CHANGE" />
105-->[androidx.work:work-runtime:2.2.0] AndroidManifest.xml:98:17-79
105-->[androidx.work:work-runtime:2.2.0] AndroidManifest.xml:98:25-76
106            </intent-filter>
107        </receiver>
108        <receiver
108-->[androidx.work:work-runtime:2.2.0] AndroidManifest.xml:101:9-112:20
109            android:name="androidx.work.impl.background.systemalarm.RescheduleReceiver"
109-->[androidx.work:work-runtime:2.2.0] AndroidManifest.xml:102:13-88
110            android:directBootAware="false"
110-->[androidx.work:work-runtime:2.2.0] AndroidManifest.xml:103:13-44
111            android:enabled="false"
111-->[androidx.work:work-runtime:2.2.0] AndroidManifest.xml:104:13-36
112            android:exported="false" >
112-->[androidx.work:work-runtime:2.2.0] AndroidManifest.xml:105:13-37
113            <intent-filter>
113-->[androidx.work:work-runtime:2.2.0] AndroidManifest.xml:107:13-111:29
114                <action android:name="android.intent.action.BOOT_COMPLETED" />
114-->[androidx.work:work-runtime:2.2.0] AndroidManifest.xml:108:17-79
114-->[androidx.work:work-runtime:2.2.0] AndroidManifest.xml:108:25-76
115                <action android:name="android.intent.action.TIME_SET" />
115-->[androidx.work:work-runtime:2.2.0] AndroidManifest.xml:109:17-73
115-->[androidx.work:work-runtime:2.2.0] AndroidManifest.xml:109:25-70
116                <action android:name="android.intent.action.TIMEZONE_CHANGED" />
116-->[androidx.work:work-runtime:2.2.0] AndroidManifest.xml:110:17-81
116-->[androidx.work:work-runtime:2.2.0] AndroidManifest.xml:110:25-78
117            </intent-filter>
118        </receiver>
119        <receiver
119-->[androidx.work:work-runtime:2.2.0] AndroidManifest.xml:113:9-122:20
120            android:name="androidx.work.impl.background.systemalarm.ConstraintProxyUpdateReceiver"
120-->[androidx.work:work-runtime:2.2.0] AndroidManifest.xml:114:13-99
121            android:directBootAware="false"
121-->[androidx.work:work-runtime:2.2.0] AndroidManifest.xml:115:13-44
122            android:enabled="@bool/enable_system_alarm_service_default"
122-->[androidx.work:work-runtime:2.2.0] AndroidManifest.xml:116:13-72
123            android:exported="false" >
123-->[androidx.work:work-runtime:2.2.0] AndroidManifest.xml:117:13-37
124            <intent-filter>
124-->[androidx.work:work-runtime:2.2.0] AndroidManifest.xml:119:13-121:29
125                <action android:name="androidx.work.impl.background.systemalarm.UpdateProxies" />
125-->[androidx.work:work-runtime:2.2.0] AndroidManifest.xml:120:17-98
125-->[androidx.work:work-runtime:2.2.0] AndroidManifest.xml:120:25-95
126            </intent-filter>
127        </receiver>
128
129        <activity
129-->[com.google.android.gms:play-services-base:16.0.1] AndroidManifest.xml:23:9-26:75
130            android:name="com.google.android.gms.common.api.GoogleApiActivity"
130-->[com.google.android.gms:play-services-base:16.0.1] AndroidManifest.xml:24:13-79
131            android:exported="false"
131-->[com.google.android.gms:play-services-base:16.0.1] AndroidManifest.xml:25:13-37
132            android:theme="@android:style/Theme.Translucent.NoTitleBar" />
132-->[com.google.android.gms:play-services-base:16.0.1] AndroidManifest.xml:26:13-72
133
134        <meta-data
134-->[com.google.android.gms:play-services-basement:16.0.1] AndroidManifest.xml:23:9-25:69
135            android:name="com.google.android.gms.version"
135-->[com.google.android.gms:play-services-basement:16.0.1] AndroidManifest.xml:24:13-58
136            android:value="@integer/google_play_services_version" />
136-->[com.google.android.gms:play-services-basement:16.0.1] AndroidManifest.xml:25:13-66
137
138        <service
138-->[androidx.room:room-runtime:2.1.0] AndroidManifest.xml:25:9-27:40
139            android:name="androidx.room.MultiInstanceInvalidationService"
139-->[androidx.room:room-runtime:2.1.0] AndroidManifest.xml:26:13-74
140            android:exported="false" />
140-->[androidx.room:room-runtime:2.1.0] AndroidManifest.xml:27:13-37
141    </application>
142
143</manifest>